# JRE version: Java(TM) SE Runtime Environment (8.0_191-b12) (build 1.8.0_191-b12)
# Java VM: Java HotSpot(TM) 64-Bit Server VM (25.191-b12 mixed mode windows-amd64 compressed oops)
Heap:
 PSYoungGen      total 35840K, used 10180K [0x00000000d8380000, 0x00000000dab80000, 0x0000000100000000)
  eden space 30720K, 16% used [0x00000000d8380000,0x00000000d8875828,0x00000000da180000)
  from space 5120K, 99% used [0x00000000da680000,0x00000000dab7b970,0x00000000dab80000)
  to   space 5120K, 0% used [0x00000000da180000,0x00000000da180000,0x00000000da680000)
 ParOldGen       total 81920K, used 525K [0x0000000088a00000, 0x000000008da00000, 0x00000000d8380000)
  object space 81920K, 0% used [0x0000000088a00000,0x0000000088a835e8,0x000000008da00000)
 Metaspace       used 14072K, capacity 14678K, committed 14848K, reserved 1062912K
  class space    used 1862K, capacity 2007K, committed 2048K, reserved 1048576K
GC Heap History (4 events):
Event: 9.326 GC heap before
{Heap before GC invocations=1 (full 0):
 PSYoungGen      total 35840K, used 30720K [0x00000000d8380000, 0x00000000dab80000, 0x0000000100000000)
  eden space 30720K, 100% used [0x00000000d8380000,0x00000000da180000,0x00000000da180000)
  from space 5120K, 0% used [0x00000000da680000,0x00000000da680000,0x00000000dab80000)
  to   space 5120K, 0% used [0x00000000da180000,0x00000000da180000,0x00000000da680000)
 ParOldGen       total 81920K, used 0K [0x0000000088a00000, 0x000000008da00000, 0x00000000d8380000)
  object space 81920K, 0% used [0x0000000088a00000,0x0000000088a00000,0x000000008da00000)
 Metaspace       used 10256K, capacity 10522K, committed 10624K, reserved 1058816K
  class space    used 1251K, capacity 1355K, committed 1408K, reserved 1048576K
Event: 9.368 GC heap after
Heap after GC invocations=1 (full 0):
 PSYoungGen      total 35840K, used 4236K [0x00000000d8380000, 0x00000000dab80000, 0x0000000100000000)
  eden space 30720K, 0% used [0x00000000d8380000,0x00000000d8380000,0x00000000da180000)
  from space 5120K, 82% used [0x00000000da180000,0x00000000da5a3390,0x00000000da680000)
  to   space 5120K, 0% used [0x00000000da680000,0x00000000da680000,0x00000000dab80000)
 ParOldGen       total 81920K, used 16K [0x0000000088a00000, 0x000000008da00000, 0x00000000d8380000)
  object space 81920K, 0% used [0x0000000088a00000,0x0000000088a04000,0x000000008da00000)
 Metaspace       used 10256K, capacity 10522K, committed 10624K, reserved 1058816K
  class space    used 1251K, capacity 1355K, committed 1408K, reserved 1048576K
}
Event: 12.657 GC heap before
{Heap before GC invocations=2 (full 0):
 PSYoungGen      total 35840K, used 34956K [0x00000000d8380000, 0x00000000dab80000, 0x0000000100000000)
  eden space 30720K, 100% used [0x00000000d8380000,0x00000000da180000,0x00000000da180000)
  from space 5120K, 82% used [0x00000000da180000,0x00000000da5a3390,0x00000000da680000)
  to   space 5120K, 0% used [0x00000000da680000,0x00000000da680000,0x00000000dab80000)
 ParOldGen       total 81920K, used 16K [0x0000000088a00000, 0x000000008da00000, 0x00000000d8380000)
  object space 81920K, 0% used [0x0000000088a00000,0x0000000088a04000,0x000000008da00000)
 Metaspace       used 13825K, capacity 14418K, committed 14592K, reserved 1062912K
  class space    used 1807K, capacity 1967K, committed 2048K, reserved 1048576K
Event: 12.678 GC heap after
Heap after GC invocations=2 (full 0):
 PSYoungGen      total 35840K, used 5102K [0x00000000d8380000, 0x00000000dab80000, 0x0000000100000000)
  eden space 30720K, 0% used [0x00000000d8380000,0x00000000d8380000,0x00000000da180000)
  from space 5120K, 99% used [0x00000000da680000,0x00000000dab7b970,0x00000000dab80000)
  to   space 5120K, 0% used [0x00000000da180000,0x00000000da180000,0x00000000da680000)
 ParOldGen       total 81920K, used 525K [0x0000000088a00000, 0x000000008da00000, 0x00000000d8380000)
  object space 81920K, 0% used [0x0000000088a00000,0x0000000088a835e8,0x000000008da00000)
 Metaspace       used 13825K, capacity 14418K, committed 14592K, reserved 1062912K
  class space    used 1807K, capacity 1967K, committed 2048K, reserved 1048576K
}

